#
# There is insufficient memory for the Java Runtime Environment to continue.
# Native memory allocation (malloc) failed to allocate 718896 bytes for Chunk::new
# Possible reasons:
#   The system is out of physical RAM or swap space
#   In 32 bit mode, the process size limit was hit
# Possible solutions:
#   Reduce memory load on the system
#   Increase physical memory or swap space
#   Check if swap backing store is full
#   Use 64 bit Java on a 64 bit OS
#   Decrease Java heap size (-Xmx/-Xms)
#   Decrease number of Java threads
#   Decrease Java thread stack sizes (-Xss)
#   Set larger code cache with -XX:ReservedCodeCacheSize=
# This output file may be truncated or incomplete.
#
#  Out of Memory Error (allocation.cpp:390), pid=3096, tid=0x000000000000016c
#
# JRE version: Java(TM) SE Runtime Environment (8.0_131-b11) (build 1.8.0_131-b11)
# Java VM: Java HotSpot(TM) 64-Bit Server VM (25.131-b11 mixed mode windows-amd64 compressed oops)
# Failed to write core dump. Minidumps are not enabled by default on client versions of Windows
#

---------------  T H R E A D  ---------------

Current thread (0x000000001758d800):  JavaThread "C2 CompilerThread1" daemon [_thread_in_native, id=364, stack(0x0000000018f80000,0x0000000019080000)]

Stack: [0x0000000018f80000,0x0000000019080000]
[error occurred during error reporting (printing stack bounds), id 0xc0000005]

Native frames: (J=compiled Java code, j=interpreted, Vv=VM code, C=native code)


Current CompileTask:
C2:55071911 4473   !   4       org.apache.catalina.core.StandardContext::backgroundProcess (203 bytes)


---------------  P R O C E S S  ---------------

Java Threads: ( => current thread )
  0x000000001f2de000 JavaThread "DestroyJavaVM" [_thread_blocked, id=3184, stack(0x00000000027b0000,0x00000000028b0000)]
  0x000000001f2db000 JavaThread "http-nio-9999-Acceptor" daemon [_thread_in_native, id=11804, stack(0x0000000021440000,0x0000000021540000)]
  0x000000001f2e0000 JavaThread "http-nio-9999-ClientPoller" daemon [_thread_in_native, id=10176, stack(0x0000000021340000,0x0000000021440000)]
  0x000000001f2df800 JavaThread "http-nio-9999-exec-10" daemon [_thread_blocked, id=10508, stack(0x0000000021240000,0x0000000021340000)]
  0x000000001ab07000 JavaThread "http-nio-9999-exec-9" daemon [_thread_blocked, id=3016, stack(0x0000000021140000,0x0000000021240000)]
  0x000000001d2ba800 JavaThread "http-nio-9999-exec-8" daemon [_thread_blocked, id=1112, stack(0x0000000021040000,0x0000000021140000)]
  0x000000001cd71000 JavaThread "http-nio-9999-exec-7" daemon [_thread_blocked, id=11160, stack(0x0000000020f40000,0x0000000021040000)]
  0x00000000194a5000 JavaThread "http-nio-9999-exec-6" daemon [_thread_blocked, id=8924, stack(0x0000000020e40000,0x0000000020f40000)]
  0x000000001b38c800 JavaThread "http-nio-9999-exec-5" daemon [_thread_blocked, id=11476, stack(0x000000001fcb0000,0x000000001fdb0000)]
  0x000000001d05f000 JavaThread "http-nio-9999-exec-4" daemon [_thread_blocked, id=10540, stack(0x000000001fbb0000,0x000000001fcb0000)]
  0x000000001d13a000 JavaThread "http-nio-9999-exec-3" daemon [_thread_blocked, id=1872, stack(0x000000001e930000,0x000000001ea30000)]
  0x000000001a7a6000 JavaThread "http-nio-9999-exec-2" daemon [_thread_blocked, id=6036, stack(0x000000001e830000,0x000000001e930000)]
  0x000000001d528000 JavaThread "http-nio-9999-exec-1" daemon [_thread_blocked, id=11532, stack(0x000000001e730000,0x000000001e830000)]
  0x000000001bb63800 JavaThread "http-nio-9999-BlockPoller" daemon [_thread_in_native, id=8160, stack(0x000000001fab0000,0x000000001fbb0000)]
  0x000000001bbaa800 JavaThread "container-0" [_thread_blocked, id=9272, stack(0x000000001e110000,0x000000001e210000)]
  0x000000001bba9800 JavaThread "Catalina-utility-2" [_thread_blocked, id=8792, stack(0x000000001e010000,0x000000001e110000)]
  0x000000001b618800 JavaThread "Catalina-utility-1" [_thread_blocked, id=9920, stack(0x000000001cad0000,0x000000001cbd0000)]
  0x0000000018c0e800 JavaThread "Service Thread" daemon [_thread_blocked, id=11424, stack(0x0000000019180000,0x0000000019280000)]
  0x0000000018b82800 JavaThread "C1 CompilerThread2" daemon [_thread_blocked, id=12200, stack(0x0000000019080000,0x0000000019180000)]
=>0x000000001758d800 JavaThread "C2 CompilerThread1" daemon [_thread_in_native, id=364, stack(0x0000000018f80000,0x0000000019080000)]
  0x000000001758a000 JavaThread "C2 CompilerThread0" daemon [_thread_blocked, id=7696, stack(0x0000000018a80000,0x0000000018b80000)]
  0x0000000017589000 JavaThread "Attach Listener" daemon [_thread_blocked, id=6376, stack(0x0000000018980000,0x0000000018a80000)]
  0x0000000017588800 JavaThread "Signal Dispatcher" daemon [_thread_blocked, id=4400, stack(0x0000000018880000,0x0000000018980000)]
  0x0000000017519000 JavaThread "Finalizer" daemon [_thread_blocked, id=11404, stack(0x0000000018780000,0x0000000018880000)]
  0x00000000029d0000 JavaThread "Reference Handler" daemon [_thread_blocked, id=5872, stack(0x0000000018680000,0x0000000018780000)]

Other Threads:
  0x00000000174f7000 VMThread [stack: 0x0000000018580000,0x0000000018680000] [id=10424]
  0x0000000018c66000 WatcherThread [stack: 0x0000000019280000,0x0000000019380000] [id=4824]

VM state:not at safepoint (normal execution)

VM Mutex/Monitor currently owned by a thread: None

Heap:
 PSYoungGen      total 328704K, used 80276K [0x00000000d5d80000, 0x00000000f4880000, 0x0000000100000000)
  eden space 319488K, 25% used [0x00000000d5d80000,0x00000000dabe53e0,0x00000000e9580000)
  from space 9216K, 0% used [0x00000000e9580000,0x00000000e9580000,0x00000000e9e80000)
  to   space 9216K, 0% used [0x00000000f3f80000,0x00000000f3f80000,0x00000000f4880000)
 ParOldGen       total 65536K, used 18939K [0x0000000081800000, 0x0000000085800000, 0x00000000d5d80000)
  object space 65536K, 28% used [0x0000000081800000,0x0000000082a7ecf0,0x0000000085800000)
 Metaspace       used 34516K, capacity 36894K, committed 37080K, reserved 1081344K
  class space    used 4441K, capacity 4851K, committed 4864K, reserved 1048576K

Card table byte_map: [0x0000000011da0000,0x00000000121a0000] byte_map_base: 0x0000000011994000

Marking Bits: (ParMarkBitMap*) 0x000000006b18c720
 Begin Bits: [0x0000000012850000, 0x00000000147f0000)
 End Bits:   [0x00000000147f0000, 0x0000000016790000)

Polling page: 0x0000000000730000

CodeCache: size=245760Kb used=13558Kb max_used=13856Kb free=232201Kb
 bounds [0x00000000029e0000, 0x0000000003780000, 0x00000000119e0000]
 total_blobs=4204 nmethods=3788 adapters=327
 compilation: enabled

Compilation events (10 events):
Event: 54501.392 Thread 0x000000001758a000 nmethod 4470 0x0000000002e8e410 code [0x0000000002e8e560, 0x0000000002e8e6d8]
Event: 54861.563 Thread 0x000000001758d800 4471       4       java.util.concurrent.ConcurrentHashMap$ValuesView::iterator (34 bytes)
Event: 54861.566 Thread 0x000000001758d800 nmethod 4471 0x00000000032da190 code [0x00000000032da2e0, 0x00000000032da578]
Event: 55011.642 Thread 0x000000001758d800 4472   !   4       org.apache.catalina.startup.Tomcat$FixContextListener::lifecycleEvent (81 bytes)
Event: 55011.643 Thread 0x000000001758d800 nmethod 4472 0x0000000003050890 code [0x00000000030509e0, 0x0000000003050bb8]
Event: 55071.665 Thread 0x000000001758d800 4473   !   4       org.apache.catalina.core.StandardContext::backgroundProcess (203 bytes)
Event: 55071.665 Thread 0x000000001758a000 4474   !   4       org.apache.catalina.loader.WebappLoader::backgroundProcess (126 bytes)
Event: 55071.665 Thread 0x000000001758a000 nmethod 4474 0x00000000032a8850 code [0x00000000032a8980, 0x00000000032a89f8]
Event: 55071.665 Thread 0x000000001758a000 4475       4       org.apache.catalina.session.ManagerBase::backgroundProcess (27 bytes)
Event: 55071.706 Thread 0x000000001758a000 nmethod 4475 0x000000000358c7d0 code [0x000000000358caa0, 0x000000000358eae8]

GC Heap History (10 events):
Event: 5.103 GC heap before
{Heap before GC invocations=11 (full 1):
 PSYoungGen      total 141312K, used 133120K [0x00000000d5d80000, 0x00000000e3d80000, 0x0000000100000000)
  eden space 133120K, 100% used [0x00000000d5d80000,0x00000000ddf80000,0x00000000ddf80000)
  from space 8192K, 0% used [0x00000000ddf80000,0x00000000ddf80000,0x00000000de780000)
  to   space 8192K, 0% used [0x00000000e3580000,0x00000000e3580000,0x00000000e3d80000)
 ParOldGen       total 45568K, used 8611K [0x0000000081800000, 0x0000000084480000, 0x00000000d5d80000)
  object space 45568K, 18% used [0x0000000081800000,0x0000000082068d80,0x0000000084480000)
 Metaspace       used 24794K, capacity 26336K, committed 26496K, reserved 1073152K
  class space    used 3155K, capacity 3436K, committed 3456K, reserved 1048576K
Event: 5.112 GC heap after
Heap after GC invocations=11 (full 1):
 PSYoungGen      total 214016K, used 6256K [0x00000000d5d80000, 0x00000000e3c00000, 0x0000000100000000)
  eden space 207360K, 0% used [0x00000000d5d80000,0x00000000d5d80000,0x00000000e2800000)
  from space 6656K, 93% used [0x00000000e3580000,0x00000000e3b9c228,0x00000000e3c00000)
  to   space 8192K, 0% used [0x00000000e2c00000,0x00000000e2c00000,0x00000000e3400000)
 ParOldGen       total 45568K, used 8619K [0x0000000081800000, 0x0000000084480000, 0x00000000d5d80000)
  object space 45568K, 18% used [0x0000000081800000,0x000000008206ad80,0x0000000084480000)
 Metaspace       used 24794K, capacity 26336K, committed 26496K, reserved 1073152K
  class space    used 3155K, capacity 3436K, committed 3456K, reserved 1048576K
}
Event: 6.530 GC heap before
{Heap before GC invocations=12 (full 1):
 PSYoungGen      total 214016K, used 213616K [0x00000000d5d80000, 0x00000000e3c00000, 0x0000000100000000)
  eden space 207360K, 100% used [0x00000000d5d80000,0x00000000e2800000,0x00000000e2800000)
  from space 6656K, 93% used [0x00000000e3580000,0x00000000e3b9c228,0x00000000e3c00000)
  to   space 8192K, 0% used [0x00000000e2c00000,0x00000000e2c00000,0x00000000e3400000)
 ParOldGen       total 45568K, used 8619K [0x0000000081800000, 0x0000000084480000, 0x00000000d5d80000)
  object space 45568K, 18% used [0x0000000081800000,0x000000008206ad80,0x0000000084480000)
 Metaspace       used 29350K, capacity 31242K, committed 31488K, reserved 1077248K
  class space    used 3723K, capacity 4071K, committed 4096K, reserved 1048576K
Event: 6.540 GC heap after
Heap after GC invocations=12 (full 1):
 PSYoungGen      total 219648K, used 7249K [0x00000000d5d80000, 0x00000000ea700000, 0x0000000100000000)
  eden space 211456K, 0% used [0x00000000d5d80000,0x00000000d5d80000,0x00000000e2c00000)
  from space 8192K, 88% used [0x00000000e2c00000,0x00000000e3314580,0x00000000e3400000)
  to   space 8704K, 0% used [0x00000000e9e80000,0x00000000e9e80000,0x00000000ea700000)
 ParOldGen       total 45568K, used 11751K [0x0000000081800000, 0x0000000084480000, 0x00000000d5d80000)
  object space 45568K, 25% used [0x0000000081800000,0x0000000082379dd0,0x0000000084480000)
 Metaspace       used 29350K, capacity 31242K, committed 31488K, reserved 1077248K
  class space    used 3723K, capacity 4071K, committed 4096K, reserved 1048576K
}
Event: 7.908 GC heap before
{Heap before GC invocations=13 (full 1):
 PSYoungGen      total 219648K, used 218705K [0x00000000d5d80000, 0x00000000ea700000, 0x0000000100000000)
  eden space 211456K, 100% used [0x00000000d5d80000,0x00000000e2c00000,0x00000000e2c00000)
  from space 8192K, 88% used [0x00000000e2c00000,0x00000000e3314580,0x00000000e3400000)
  to   space 8704K, 0% used [0x00000000e9e80000,0x00000000e9e80000,0x00000000ea700000)
 ParOldGen       total 45568K, used 11751K [0x0000000081800000, 0x0000000084480000, 0x00000000d5d80000)
  object space 45568K, 25% used [0x0000000081800000,0x0000000082379dd0,0x0000000084480000)
 Metaspace       used 31740K, capacity 33842K, committed 34048K, reserved 1079296K
  class space    used 4087K, capacity 4481K, committed 4608K, reserved 1048576K
Event: 7.924 GC heap after
Heap after GC invocations=13 (full 1):
 PSYoungGen      total 328192K, used 7104K [0x00000000d5d80000, 0x00000000eab80000, 0x0000000100000000)
  eden space 319488K, 0% used [0x00000000d5d80000,0x00000000d5d80000,0x00000000e9580000)
  from space 8704K, 81% used [0x00000000e9e80000,0x00000000ea570000,0x00000000ea700000)
  to   space 9216K, 0% used [0x00000000e9580000,0x00000000e9580000,0x00000000e9e80000)
 ParOldGen       total 45568K, used 15782K [0x0000000081800000, 0x0000000084480000, 0x00000000d5d80000)
  object space 45568K, 34% used [0x0000000081800000,0x0000000082769828,0x0000000084480000)
 Metaspace       used 31740K, capacity 33842K, committed 34048K, reserved 1079296K
  class space    used 4087K, capacity 4481K, committed 4608K, reserved 1048576K
}
Event: 8.252 GC heap before
{Heap before GC invocations=14 (full 1):
 PSYoungGen      total 328192K, used 79377K [0x00000000d5d80000, 0x00000000eab80000, 0x0000000100000000)
  eden space 319488K, 22% used [0x00000000d5d80000,0x00000000da4145c8,0x00000000e9580000)
  from space 8704K, 81% used [0x00000000e9e80000,0x00000000ea570000,0x00000000ea700000)
  to   space 9216K, 0% used [0x00000000e9580000,0x00000000e9580000,0x00000000e9e80000)
 ParOldGen       total 45568K, used 15782K [0x0000000081800000, 0x0000000084480000, 0x00000000d5d80000)
  object space 45568K, 34% used [0x0000000081800000,0x0000000082769828,0x0000000084480000)
 Metaspace       used 33071K, capacity 35286K, committed 35416K, reserved 1079296K
  class space    used 4280K, capacity 4669K, committed 4736K, reserved 1048576K
Event: 8.258 GC heap after
Heap after GC invocations=14 (full 1):
 PSYoungGen      total 328704K, used 2432K [0x00000000d5d80000, 0x00000000f4880000, 0x0000000100000000)
  eden space 319488K, 0% used [0x00000000d5d80000,0x00000000d5d80000,0x00000000e9580000)
  from space 9216K, 26% used [0x00000000e9580000,0x00000000e97e0000,0x00000000e9e80000)
  to   space 9216K, 0% used [0x00000000f3f80000,0x00000000f3f80000,0x00000000f4880000)
 ParOldGen       total 45568K, used 19918K [0x0000000081800000, 0x0000000084480000, 0x00000000d5d80000)
  object space 45568K, 43% used [0x0000000081800000,0x0000000082b73828,0x0000000084480000)
 Metaspace       used 33071K, capacity 35286K, committed 35416K, reserved 1079296K
  class space    used 4280K, capacity 4669K, committed 4736K, reserved 1048576K
}
Event: 8.258 GC heap before
{Heap before GC invocations=15 (full 2):
 PSYoungGen      total 328704K, used 2432K [0x00000000d5d80000, 0x00000000f4880000, 0x0000000100000000)
  eden space 319488K, 0% used [0x00000000d5d80000,0x00000000d5d80000,0x00000000e9580000)
  from space 9216K, 26% used [0x00000000e9580000,0x00000000e97e0000,0x00000000e9e80000)
  to   space 9216K, 0% used [0x00000000f3f80000,0x00000000f3f80000,0x00000000f4880000)
 ParOldGen       total 45568K, used 19918K [0x0000000081800000, 0x0000000084480000, 0x00000000d5d80000)
  object space 45568K, 43% used [0x0000000081800000,0x0000000082b73828,0x0000000084480000)
 Metaspace       used 33071K, capacity 35286K, committed 35416K, reserved 1079296K
  class space    used 4280K, capacity 4669K, committed 4736K, reserved 1048576K
Event: 8.330 GC heap after
Heap after GC invocations=15 (full 2):
 PSYoungGen      total 328704K, used 0K [0x00000000d5d80000, 0x00000000f4880000, 0x0000000100000000)
  eden space 319488K, 0% used [0x00000000d5d80000,0x00000000d5d80000,0x00000000e9580000)
  from space 9216K, 0% used [0x00000000e9580000,0x00000000e9580000,0x00000000e9e80000)
  to   space 9216K, 0% used [0x00000000f3f80000,0x00000000f3f80000,0x00000000f4880000)
 ParOldGen       total 65536K, used 18939K [0x0000000081800000, 0x0000000085800000, 0x00000000d5d80000)
  object space 65536K, 28% used [0x0000000081800000,0x0000000082a7ecf0,0x0000000085800000)
 Metaspace       used 33071K, capacity 35286K, committed 35416K, reserved 1079296K
  class space    used 4280K, capacity 4669K, committed 4736K, reserved 1048576K
}

Deoptimization events (10 events):
Event: 161.978 Thread 0x000000001d528000 Uncommon trap: reason=unstable_if action=reinterpret pc=0x0000000002e0bfdc method=sun.nio.cs.UTF_8$Encoder.encode([CII[B)I @ 33
Event: 163.639 Thread 0x000000001f2e0000 Uncommon trap: reason=unstable_if action=reinterpret pc=0x00000000035132dc method=java.util.HashMap$HashIterator.<init>(Ljava/util/HashMap;)V @ 45
Event: 164.650 Thread 0x000000001f2e0000 Uncommon trap: reason=unstable_if action=reinterpret pc=0x0000000002bacf9c method=java.util.HashMap$HashIterator.<init>(Ljava/util/HashMap;)V @ 45
Event: 3346.245 Thread 0x000000001bba9800 Uncommon trap: reason=unstable_if action=reinterpret pc=0x0000000003743330 method=java.util.concurrent.locks.AbstractQueuedSynchronizer$ConditionObject.awaitNanos(J)J @ 73
Event: 6786.645 Thread 0x000000001bba9800 Uncommon trap: reason=unstable_if action=reinterpret pc=0x00000000037581cc method=java.util.concurrent.ScheduledThreadPoolExecutor$DelayedWorkQueue.take()Ljava/util/concurrent/RunnableScheduledFuture; @ 59
Event: 6787.261 Thread 0x000000001bba9800 Uncommon trap: reason=unstable_if action=reinterpret pc=0x0000000002ca2914 method=java.util.concurrent.locks.AbstractQueuedSynchronizer$ConditionObject.addConditionWaiter()Ljava/util/concurrent/locks/AbstractQueuedSynchronizer$Node; @ 15
Event: 6787.261 Thread 0x000000001bba9800 Uncommon trap: reason=unstable_if action=reinterpret pc=0x000000000375066c method=java.util.concurrent.locks.AbstractQueuedSynchronizer$ConditionObject.unlinkCancelledWaiters()V @ 48
Event: 38534.247 Thread 0x000000001bba9800 Uncommon trap: reason=unstable_if action=reinterpret pc=0x000000000376a46c method=java.util.concurrent.ScheduledThreadPoolExecutor$ScheduledFutureTask.compareTo(Ljava/util/concurrent/Delayed;)I @ 40
Event: 38587.262 Thread 0x000000001b618800 Uncommon trap: reason=unstable_if action=reinterpret pc=0x000000000376896c method=java.util.concurrent.ScheduledThreadPoolExecutor$ScheduledFutureTask.compareTo(Ljava/util/concurrent/Delayed;)I @ 40
Event: 38588.248 Thread 0x000000001b618800 Uncommon trap: reason=unstable_if action=reinterpret pc=0x0000000003735e08 method=java.util.concurrent.ScheduledThreadPoolExecutor$ScheduledFutureTask.compareTo(Ljava/util/concurrent/Delayed;)I @ 40

Internal exceptions (10 events):
Event: 161.877 Thread 0x000000001d528000 Exception <a 'java/lang/ClassNotFoundException': org/springframework/web/servlet/theme/AbstractThemeResolverCustomizer> (0x00000000d86cb650) thrown at [C:\re\workspace\8-2-build-windows-amd64-cygwin\jdk8u131\8869\hotspot\src\share\vm\classfile\systemDicti
Event: 161.878 Thread 0x000000001d528000 Exception <a 'java/lang/ClassNotFoundException': org/springframework/web/servlet/theme/FixedThemeResolverCustomizer> (0x00000000d87184a8) thrown at [C:\re\workspace\8-2-build-windows-amd64-cygwin\jdk8u131\8869\hotspot\src\share\vm\classfile\systemDictiona
Event: 161.879 Thread 0x000000001d528000 Exception <a 'java/lang/ClassNotFoundException': org/springframework/web/servlet/ThemeResolverCustomizer> (0x00000000d87600a8) thrown at [C:\re\workspace\8-2-build-windows-amd64-cygwin\jdk8u131\8869\hotspot\src\share\vm\classfile\systemDictionary.cpp, lin
Event: 161.881 Thread 0x000000001d528000 Exception <a 'java/lang/ClassNotFoundException': java/lang/ObjectCustomizer> (0x00000000d87aa560) thrown at [C:\re\workspace\8-2-build-windows-amd64-cygwin\jdk8u131\8869\hotspot\src\share\vm\classfile\systemDictionary.cpp, line 210]
Event: 161.882 Thread 0x000000001d528000 Exception <a 'java/lang/ClassNotFoundException': org/springframework/web/servlet/view/DefaultRequestToViewNameTranslatorCustomizer> (0x00000000d87fef90) thrown at [C:\re\workspace\8-2-build-windows-amd64-cygwin\jdk8u131\8869\hotspot\src\share\vm\classfile
Event: 161.884 Thread 0x000000001d528000 Exception <a 'java/lang/ClassNotFoundException': org/springframework/web/servlet/RequestToViewNameTranslatorCustomizer> (0x00000000d885b668) thrown at [C:\re\workspace\8-2-build-windows-amd64-cygwin\jdk8u131\8869\hotspot\src\share\vm\classfile\systemDicti
Event: 161.887 Thread 0x000000001d528000 Exception <a 'java/lang/ClassNotFoundException': java/lang/ObjectCustomizer> (0x00000000d88ed338) thrown at [C:\re\workspace\8-2-build-windows-amd64-cygwin\jdk8u131\8869\hotspot\src\share\vm\classfile\systemDictionary.cpp, line 210]
Event: 161.888 Thread 0x000000001d528000 Exception <a 'java/lang/ClassNotFoundException': org/springframework/web/servlet/support/AbstractFlashMapManagerCustomizer> (0x00000000d893dd10) thrown at [C:\re\workspace\8-2-build-windows-amd64-cygwin\jdk8u131\8869\hotspot\src\share\vm\classfile\systemD
Event: 161.890 Thread 0x000000001d528000 Exception <a 'java/lang/ClassNotFoundException': org/springframework/web/servlet/support/SessionFlashMapManagerCustomizer> (0x00000000d8992010) thrown at [C:\re\workspace\8-2-build-windows-amd64-cygwin\jdk8u131\8869\hotspot\src\share\vm\classfile\systemDi
Event: 161.891 Thread 0x000000001d528000 Exception <a 'java/lang/ClassNotFoundException': org/springframework/web/servlet/FlashMapManagerCustomizer> (0x00000000d89d9ee8) thrown at [C:\re\workspace\8-2-build-windows-amd64-cygwin\jdk8u131\8869\hotspot\src\share\vm\classfile\systemDictionary.cpp, l

Events (10 events):
Event: 22987.841 Thread 0x0000000018b82800 flushing nmethod 0x0000000003454b10
Event: 38534.247 Thread 0x000000001bba9800 Uncommon trap: trap_request=0xffffff65 fr.pc=0x000000000376a46c
Event: 38534.247 Thread 0x000000001bba9800 DEOPT PACKING pc=0x000000000376a46c sp=0x000000001e10ee10
Event: 38534.247 Thread 0x000000001bba9800 DEOPT UNPACKING pc=0x0000000002a2582a sp=0x000000001e10ec78 mode 2
Event: 38587.262 Thread 0x000000001b618800 Uncommon trap: trap_request=0xffffff65 fr.pc=0x000000000376896c
Event: 38587.262 Thread 0x000000001b618800 DEOPT PACKING pc=0x000000000376896c sp=0x000000001cbcee80
Event: 38587.262 Thread 0x000000001b618800 DEOPT UNPACKING pc=0x0000000002a2582a sp=0x000000001cbced70 mode 2
Event: 38588.248 Thread 0x000000001b618800 Uncommon trap: trap_request=0xffffff65 fr.pc=0x0000000003735e08
Event: 38588.248 Thread 0x000000001b618800 DEOPT PACKING pc=0x0000000003735e08 sp=0x000000001cbcee30
Event: 38588.248 Thread 0x000000001b618800 DEOPT UNPACKING pc=0x0000000002a2582a sp=0x000000001cbced70 mode 2


Dynamic libraries:
0x00007ff71d4c0000 - 0x00007ff71d4f7000 	C:\ProgramData\Oracle\Java\javapath\java.exe
0x00007ffc94a00000 - 0x00007ffc94bf0000 	C:\Windows\SYSTEM32\ntdll.dll
0x00007ffc94580000 - 0x00007ffc94632000 	C:\Windows\System32\KERNEL32.DLL
0x00007ffc91e80000 - 0x00007ffc92123000 	C:\Windows\System32\KERNELBASE.dll
0x00007ffc934e0000 - 0x00007ffc93583000 	C:\Windows\System32\ADVAPI32.DLL
0x00007ffc94010000 - 0x00007ffc940ae000 	C:\Windows\System32\msvcrt.dll
0x00007ffc947f0000 - 0x00007ffc94887000 	C:\Windows\System32\sechost.dll
0x00007ffc94890000 - 0x00007ffc949b0000 	C:\Windows\System32\RPCRT4.dll
0x00007ffc92c90000 - 0x00007ffc92e23000 	C:\Windows\System32\USER32.dll
0x00007ffc91bd0000 - 0x00007ffc91bf1000 	C:\Windows\System32\win32u.dll
0x00007ffc93d40000 - 0x00007ffc93d66000 	C:\Windows\System32\GDI32.dll
0x00007ffc91a30000 - 0x00007ffc91bc4000 	C:\Windows\System32\gdi32full.dll
0x00007ffc91990000 - 0x00007ffc91a2e000 	C:\Windows\System32\msvcp_win.dll
0x00007ffc91d80000 - 0x00007ffc91e7a000 	C:\Windows\System32\ucrtbase.dll
0x00007ffc87500000 - 0x00007ffc87785000 	C:\Windows\WinSxS\amd64_microsoft.windows.common-controls_6595b64144ccf1df_6.0.18362.329_none_e6c7b0c7130c72de\COMCTL32.dll
0x00007ffc94120000 - 0x00007ffc94456000 	C:\Windows\System32\combase.dll
0x00007ffc91d00000 - 0x00007ffc91d80000 	C:\Windows\System32\bcryptPrimitives.dll
0x00007ffc93dd0000 - 0x00007ffc93dfe000 	C:\Windows\System32\IMM32.DLL
0x000000006a6a0000 - 0x000000006a772000 	C:\Program Files\Java\jre1.8.0_131\bin\msvcr100.dll
0x000000006a970000 - 0x000000006b20c000 	C:\Program Files\Java\jre1.8.0_131\bin\server\jvm.dll
0x00007ffc949b0000 - 0x00007ffc949b8000 	C:\Windows\System32\PSAPI.DLL
0x00007ffc8bb60000 - 0x00007ffc8bb6a000 	C:\Windows\SYSTEM32\VERSION.dll
0x00007ffc8f940000 - 0x00007ffc8f964000 	C:\Windows\SYSTEM32\WINMM.dll
0x00007ffc866a0000 - 0x00007ffc866a9000 	C:\Windows\SYSTEM32\WSOCK32.dll
0x00007ffc940b0000 - 0x00007ffc9411f000 	C:\Windows\System32\WS2_32.dll
0x00007ffc8f810000 - 0x00007ffc8f83d000 	C:\Windows\SYSTEM32\winmmbase.dll
0x00007ffc91cb0000 - 0x00007ffc91cfa000 	C:\Windows\System32\cfgmgr32.dll
0x000000006a880000 - 0x000000006a88f000 	C:\Program Files\Java\jre1.8.0_131\bin\verify.dll
0x000000006a850000 - 0x000000006a879000 	C:\Program Files\Java\jre1.8.0_131\bin\java.dll
0x000000006a830000 - 0x000000006a846000 	C:\Program Files\Java\jre1.8.0_131\bin\zip.dll
0x00007ffc93590000 - 0x00007ffc93c75000 	C:\Windows\System32\SHELL32.dll
0x00007ffc93c80000 - 0x00007ffc93d29000 	C:\Windows\System32\shcore.dll
0x00007ffc92130000 - 0x00007ffc928ae000 	C:\Windows\System32\windows.storage.dll
0x00007ffc91950000 - 0x00007ffc9196f000 	C:\Windows\System32\profapi.dll
0x00007ffc91900000 - 0x00007ffc9194a000 	C:\Windows\System32\powrprof.dll
0x00007ffc918d0000 - 0x00007ffc918e0000 	C:\Windows\System32\UMPDC.dll
0x00007ffc932d0000 - 0x00007ffc93322000 	C:\Windows\System32\shlwapi.dll
0x00007ffc918e0000 - 0x00007ffc918f1000 	C:\Windows\System32\kernel.appcore.dll
0x00007ffc928b0000 - 0x00007ffc928c7000 	C:\Windows\System32\cryptsp.dll
0x000000006a690000 - 0x000000006a69d000 	C:\Program Files\Java\jre1.8.0_131\bin\management.dll
0x000000006a810000 - 0x000000006a82a000 	C:\Program Files\Java\jre1.8.0_131\bin\net.dll
0x00007ffc91140000 - 0x00007ffc911a7000 	C:\Windows\system32\mswsock.dll
0x00007ffc815d0000 - 0x00007ffc815e6000 	C:\Windows\system32\napinsp.dll
0x00007ffc815b0000 - 0x00007ffc815ca000 	C:\Windows\system32\pnrpnsp.dll
0x00007ffc90ea0000 - 0x00007ffc90f6a000 	C:\Windows\SYSTEM32\DNSAPI.dll
0x00007ffc92e30000 - 0x00007ffc92e38000 	C:\Windows\System32\NSI.dll
0x00007ffc90e50000 - 0x00007ffc90e8a000 	C:\Windows\SYSTEM32\IPHLPAPI.DLL
0x00007ffc81f90000 - 0x00007ffc81f9e000 	C:\Windows\System32\winrnr.dll
0x00007ffc8e110000 - 0x00007ffc8e12c000 	C:\Windows\system32\NLAapi.dll
0x00007ffc75530000 - 0x00007ffc75545000 	C:\Windows\system32\wshbth.dll
0x00007ffc86360000 - 0x00007ffc8636a000 	C:\Windows\System32\rasadhlp.dll
0x00007ffc88590000 - 0x00007ffc88607000 	C:\Windows\System32\fwpuclnt.dll
0x00007ffc928d0000 - 0x00007ffc928f6000 	C:\Windows\System32\bcrypt.dll
0x0000000180000000 - 0x0000000180285000 	D:\apache-tomcat-8.5.57\bin\tcnative-1.dll
0x00007ffc92960000 - 0x00007ffc92aa9000 	C:\Windows\System32\CRYPT32.dll
0x00007ffc91970000 - 0x00007ffc91982000 	C:\Windows\System32\MSASN1.dll
0x00007ffc90c50000 - 0x00007ffc90c83000 	C:\Windows\system32\rsaenh.dll
0x00007ffc917f0000 - 0x00007ffc91815000 	C:\Windows\SYSTEM32\USERENV.dll
0x00007ffc91310000 - 0x00007ffc9131c000 	C:\Windows\SYSTEM32\CRYPTBASE.dll
0x00007ffc88950000 - 0x00007ffc88966000 	C:\Windows\SYSTEM32\dhcpcsvc6.DLL
0x00007ffc88930000 - 0x00007ffc8894c000 	C:\Windows\SYSTEM32\dhcpcsvc.DLL
0x000000006a7f0000 - 0x000000006a801000 	C:\Program Files\Java\jre1.8.0_131\bin\nio.dll

VM Arguments:
java_command: E:\tech\spring\SpringBoot\euopmock\target\euopmock-0.0.1-SNAPSHOT.jar
java_class_path (initial): E:\tech\spring\SpringBoot\euopmock\target\euopmock-0.0.1-SNAPSHOT.jar
Launcher Type: SUN_STANDARD

Environment Variables:
JAVA_HOME=C:\Program Files\Java\jdk1.8.0_131
PATH=C:\ProgramData\Oracle\Java\javapath;C:\Program Files (x86)\NetSarang\Xshell 6\;C:\Windows\system32;C:\Windows;C:\Windows\System32\Wbem;C:\Windows\System32\WindowsPowerShell\v1.0\;C:\Windows\System32\OpenSSH\;C:\Program Files\nodejs\;C:\Program Files\Git\cmd;D:\Python\Python38\Scripts\;D:\Python\Python38\;C:\Users\Administrator\AppData\Local\Microsoft\WindowsApps;d:\JetBrains\PyCharm Community Edition 2020.1.2\bin;;C:\Program Files\Java\jdk-11.0.7\bin;C:\Users\Administrator\AppData\Roaming\npm;D:\apache-jmeter-5.3\bin;D:\apache-maven-3.6.3\bin;D:\apache-tomcat-8.5.57\bin;
USERNAME=Administrator
OS=Windows_NT
PROCESSOR_IDENTIFIER=Intel64 Family 6 Model 158 Stepping 9, GenuineIntel



---------------  S Y S T E M  ---------------

OS: Windows 10.0 , 64 bit Build 18362 (10.0.18362.329)

CPU:total 4 (initial active 4) (4 cores per cpu, 1 threads per core) family 6 model 158 stepping 9, cmov, cx8, fxsr, mmx, sse, sse2, sse3, ssse3, sse4.1, sse4.2, popcnt, avx, avx2, aes, clmul, erms, 3dnowpref, lzcnt, tsc, tscinvbit, bmi1, bmi2, adx

Memory: 4k page, physical 8286376k(408500k free), swap 11655336k(5364k free)

vm_info: Java HotSpot(TM) 64-Bit Server VM (25.131-b11) for windows-amd64 JRE (1.8.0_131-b11), built on Mar 15 2017 01:23:53 by "java_re" with MS VC++ 10.0 (VS2010)

time: Sun Aug 23 01:34:40 2020
elapsed time: 55071 seconds (0d 15h 17m 51s)

